m:\golfsim\playgrounds\houghcircleplayground\playground\x64\debug\vc143.pdb
m:\golfsim\playgrounds\houghcircleplayground\playground\x64\debug\vc143.idb
m:\golfsim\playgrounds\houghcircleplayground\playground\x64\debug\playground.obj
m:\golfsim\playgrounds\houghcircleplayground\playground\x64\debug\logging_tools.obj
m:\golfsim\playgrounds\houghcircleplayground\playground\x64\debug\cv_utils.obj
m:\golfsim\playgrounds\houghcircleplayground\playground\x64\debug\colorsys.obj
m:\golfsim\playgrounds\houghcircleplayground\x64\debug\playground.exe
m:\golfsim\playgrounds\houghcircleplayground\x64\debug\playground.pdb
m:\golfsim\playgrounds\houghcircleplayground\playground\x64\debug\playground.ilk
m:\dev\pitrac\software\playgrounds\houghcircleplayground\playground\x64\debug\colorsys.obj
m:\dev\pitrac\software\playgrounds\houghcircleplayground\playground\x64\debug\cv_utils.obj
m:\dev\pitrac\software\playgrounds\houghcircleplayground\playground\x64\debug\logging_tools.obj
m:\dev\pitrac\software\playgrounds\houghcircleplayground\playground\x64\debug\playground.obj
m:\dev\pitrac\software\playgrounds\houghcircleplayground\playground\x64\debug\playground.obj.enc
m:\dev\pitrac\software\playgrounds\houghcircleplayground\playground\x64\debug\playground.ilk
m:\dev\pitrac\software\playgrounds\houghcircleplayground\playground\x64\debug\vc143.idb
m:\dev\pitrac\software\playgrounds\houghcircleplayground\playground\x64\debug\vc143.pdb
m:\dev\pitrac\software\playgrounds\houghcircleplayground\x64\debug\playground.pdb
m:\dev\pitrac\software\playgrounds\houghcircleplayground\x64\debug\playground.exe
m:\dev\pitrac\software\playgrounds\houghcircleplayground\playground\x64\debug\playground.tlog\cl.command.1.tlog
m:\dev\pitrac\software\playgrounds\houghcircleplayground\playground\x64\debug\playground.tlog\cl.items.tlog
m:\dev\pitrac\software\playgrounds\houghcircleplayground\playground\x64\debug\playground.tlog\cl.read.1.tlog
m:\dev\pitrac\software\playgrounds\houghcircleplayground\playground\x64\debug\playground.tlog\cl.write.1.tlog
m:\dev\pitrac\software\playgrounds\houghcircleplayground\playground\x64\debug\playground.tlog\link.command.1.tlog
m:\dev\pitrac\software\playgrounds\houghcircleplayground\playground\x64\debug\playground.tlog\link.read.1.tlog
m:\dev\pitrac\software\playgrounds\houghcircleplayground\playground\x64\debug\playground.tlog\link.secondary.1.tlog
m:\dev\pitrac\software\playgrounds\houghcircleplayground\playground\x64\debug\playground.tlog\link.write.1.tlog
