Drill report for PiTrac Connector Board.kicad_pcb
Created on 11/29/2024 4:24:06 PM

Copper Layer Stackup:
    =============================================================
    L1 :  F.Cu                      front
    L2 :  B.Cu                      back


Drill file 'PiTrac Connector Board-PTH.drl' contains
    plated through holes:
    =============================================================
    T1  0.762mm  0.0300"  (5 holes)
    T2  0.800mm  0.0315"  (34 holes)
    T3  1.000mm  0.0394"  (2 holes)
    T4  1.000mm  0.0394"  (9 holes)
    T5  1.200mm  0.0472"  (3 holes)
    T6  2.000mm  0.0787"  (4 holes)
    T7  2.700mm  0.1063"  (2 holes)
    T8  3.000mm  0.1181"  (4 holes)

    Total plated holes count 63


Drill file 'PiTrac Connector Board-NPTH.drl' contains
    unplated through holes:
    =============================================================

    Total unplated holes count 0
